Build started 6/24/2017 6:51:28 PM.
     1>Project "C:\Users\127464\Documents\GitHub\stroustrup-ppp\chapter04 Computation\chapter04_17_min_max_mode_strings\chapter04_17_min_max_mode_strings\chapter04_17_min_max_mode_strings.vcxproj" on node 2 (build target(s)).
     1>InitializeBuildStatus:
         Touching "Debug\chapter04_17_min_max_mode_strings.unsuccessfulbuild".
       ClCompile:
         All outputs are up-to-date.
         c:\Program Files (x86)\Microsoft Visual Studio 10.0\VC\bin\CL.exe /c /ZI /nologo /W3 /WX- /Od /Oy- /D WIN32 /D _DEBUG /D _CONSOLE /D _UNICODE /D UNICODE /Gm /EHsc /RTC1 /MDd /GS /fp:precise /Zc:wchar_t /Zc:forScope /Yu"StdAfx.h" /Fp"Debug\chapter04_17_min_max_mode_strings.pch" /Fo"Debug\\" /Fd"Debug\vc100.pdb" /Gd /TP /analyze- /errorReport:prompt chapter04_17_min_max_mode_strings.cpp
         chapter04_17_min_max_mode_strings.cpp
     1>c:\users\127464\documents\github\stroustrup-ppp\chapter04 computation\chapter04_17_min_max_mode_strings\chapter04_17_min_max_mode_strings\chapter04_17_min_max_mode_strings.cpp(48): warning C4018: '<' : signed/unsigned mismatch
     1>c:\users\127464\documents\github\stroustrup-ppp\chapter04 computation\chapter04_17_min_max_mode_strings\chapter04_17_min_max_mode_strings\chapter04_17_min_max_mode_strings.cpp(54): warning C4018: '<' : signed/unsigned mismatch
     1>c:\users\127464\documents\github\stroustrup-ppp\chapter04 computation\chapter04_17_min_max_mode_strings\chapter04_17_min_max_mode_strings\chapter04_17_min_max_mode_strings.cpp(60): warning C4018: '<' : signed/unsigned mismatch
     1>c:\users\127464\documents\github\stroustrup-ppp\chapter04 computation\chapter04_17_min_max_mode_strings\chapter04_17_min_max_mode_strings\chapter04_17_min_max_mode_strings.cpp(66): error C2371: 'compare' : redefinition; different basic types
                 c:\users\127464\documents\github\stroustrup-ppp\chapter04 computation\chapter04_17_min_max_mode_strings\chapter04_17_min_max_mode_strings\chapter04_17_min_max_mode_strings.cpp(33) : see declaration of 'compare'
     1>c:\users\127464\documents\github\stroustrup-ppp\chapter04 computation\chapter04_17_min_max_mode_strings\chapter04_17_min_max_mode_strings\chapter04_17_min_max_mode_strings.cpp(67): error C2374: 'rank' : redefinition; multiple initialization
                 c:\users\127464\documents\github\stroustrup-ppp\chapter04 computation\chapter04_17_min_max_mode_strings\chapter04_17_min_max_mode_strings\chapter04_17_min_max_mode_strings.cpp(34) : see declaration of 'rank'
     1>c:\users\127464\documents\github\stroustrup-ppp\chapter04 computation\chapter04_17_min_max_mode_strings\chapter04_17_min_max_mode_strings\chapter04_17_min_max_mode_strings.cpp(69): warning C4018: '<' : signed/unsigned mismatch
     1>c:\users\127464\documents\github\stroustrup-ppp\chapter04 computation\chapter04_17_min_max_mode_strings\chapter04_17_min_max_mode_strings\chapter04_17_min_max_mode_strings.cpp(70): error C2088: '[' : illegal for class
     1>c:\users\127464\documents\github\stroustrup-ppp\chapter04 computation\chapter04_17_min_max_mode_strings\chapter04_17_min_max_mode_strings\chapter04_17_min_max_mode_strings.cpp(71): warning C4018: '<' : signed/unsigned mismatch
     1>c:\users\127464\documents\github\stroustrup-ppp\chapter04 computation\chapter04_17_min_max_mode_strings\chapter04_17_min_max_mode_strings\chapter04_17_min_max_mode_strings.cpp(72): error C2088: '[' : illegal for class
     1>c:\users\127464\documents\github\stroustrup-ppp\chapter04 computation\chapter04_17_min_max_mode_strings\chapter04_17_min_max_mode_strings\chapter04_17_min_max_mode_strings.cpp(73): error C2088: '[' : illegal for class
     1>c:\users\127464\documents\github\stroustrup-ppp\chapter04 computation\chapter04_17_min_max_mode_strings\chapter04_17_min_max_mode_strings\chapter04_17_min_max_mode_strings.cpp(78): warning C4018: '<' : signed/unsigned mismatch
     1>c:\users\127464\documents\github\stroustrup-ppp\chapter04 computation\chapter04_17_min_max_mode_strings\chapter04_17_min_max_mode_strings\chapter04_17_min_max_mode_strings.cpp(79): error C2088: '[' : illegal for class
     1>c:\users\127464\documents\github\stroustrup-ppp\chapter04 computation\chapter04_17_min_max_mode_strings\chapter04_17_min_max_mode_strings\chapter04_17_min_max_mode_strings.cpp(82): warning C4018: '<' : signed/unsigned mismatch
     1>c:\users\127464\documents\github\stroustrup-ppp\chapter04 computation\chapter04_17_min_max_mode_strings\chapter04_17_min_max_mode_strings\chapter04_17_min_max_mode_strings.cpp(83): error C2088: '[' : illegal for class
     1>Done Building Project "C:\Users\127464\Documents\GitHub\stroustrup-ppp\chapter04 Computation\chapter04_17_min_max_mode_strings\chapter04_17_min_max_mode_strings\chapter04_17_min_max_mode_strings.vcxproj" (build target(s)) -- FAILED.

Build FAILED.

Time Elapsed 00:00:00.36
