Build started 6/25/2017 1:28:38 PM.
     1>Project "C:\Users\127464\Documents\GitHub\stroustrup-ppp\chapter04 Computation\chapter04_07_calculator_word input\chapter04_07_calculator_word input\chapter04_07_calculator_word input.vcxproj" on node 2 (build target(s)).
     1>InitializeBuildStatus:
         Touching "Debug\chapter04_07_calculator_word input.unsuccessfulbuild".
       ClCompile:
         All outputs are up-to-date.
         All outputs are up-to-date.
       ManifestResourceCompile:
         All outputs are up-to-date.
       Link:
         c:\Program Files (x86)\Microsoft Visual Studio 10.0\VC\bin\link.exe /ERRORREPORT:PROMPT /OUT:"C:\Users\127464\Documents\GitHub\stroustrup-ppp\chapter04 Computation\chapter04_07_calculator_word input\Debug\chapter04_07_calculator_word input.exe" /INCREMENTAL /NOLOGO kernel32.lib user32.lib gdi32.lib winspool.lib comdlg32.lib advapi32.lib shell32.lib ole32.lib oleaut32.lib uuid.lib odbc32.lib odbccp32.lib /MANIFEST /ManifestFile:"Debug\chapter04_07_calculator_word input.exe.intermediate.manifest" /MANIFESTUAC:"level='asInvoker' uiAccess='false'" /DEBUG /PDB:"C:\Users\127464\Documents\GitHub\stroustrup-ppp\chapter04 Computation\chapter04_07_calculator_word input\Debug\chapter04_07_calculator_word input.pdb" /SUBSYSTEM:CONSOLE /TLBID:1 /DYNAMICBASE /NXCOMPAT /IMPLIB:"C:\Users\127464\Documents\GitHub\stroustrup-ppp\chapter04 Computation\chapter04_07_calculator_word input\Debug\chapter04_07_calculator_word input.lib" /MACHINE:X86 "Debug\chapter04_07_calculator_word input.exe.embed.manifest.res"
         "Debug\chapter04_07_calculator_word input.obj"
         Debug\stdafx.obj
       Manifest:
         c:\Program Files (x86)\Microsoft SDKs\Windows\v7.0A\bin\mt.exe /nologo /verbose /out:"Debug\chapter04_07_calculator_word input.exe.embed.manifest" /manifest "Debug\chapter04_07_calculator_word input.exe.intermediate.manifest"
         All outputs are up-to-date.
       LinkEmbedManifest:
         All outputs are up-to-date.
         chapter04_07_calculator_word input.vcxproj -> C:\Users\127464\Documents\GitHub\stroustrup-ppp\chapter04 Computation\chapter04_07_calculator_word input\Debug\chapter04_07_calculator_word input.exe
       FinalizeBuildStatus:
         Deleting file "Debug\chapter04_07_calculator_word input.unsuccessfulbuild".
         Touching "Debug\chapter04_07_calculator_word input.lastbuildstate".
     1>Done Building Project "C:\Users\127464\Documents\GitHub\stroustrup-ppp\chapter04 Computation\chapter04_07_calculator_word input\chapter04_07_calculator_word input\chapter04_07_calculator_word input.vcxproj" (build target(s)).

Build succeeded.

Time Elapsed 00:00:00.42
