Build started 6/25/2017 8:11:58 PM.
     1>Project "C:\Users\127464\Documents\GitHub\stroustrup-ppp\chapter04 Computation\chapter04_07_calculator_5th attempt\chapter04_07_calculator_5th attempt\chapter04_07_calculator_5th attempt.vcxproj" on node 2 (build target(s)).
     1>InitializeBuildStatus:
         Creating "Debug\chapter04_07_calculator_5th attempt.unsuccessfulbuild" because "AlwaysCreate" was specified.
       ClCompile:
         All outputs are up-to-date.
         c:\Program Files (x86)\Microsoft Visual Studio 10.0\VC\bin\CL.exe /c /ZI /nologo /W3 /WX- /Od /Oy- /D WIN32 /D _DEBUG /D _CONSOLE /D _UNICODE /D UNICODE /Gm /EHsc /RTC1 /MDd /GS /fp:precise /Zc:wchar_t /Zc:forScope /Yu"StdAfx.h" /Fp"Debug\chapter04_07_calculator_5th attempt.pch" /Fo"Debug\\" /Fd"Debug\vc100.pdb" /Gd /TP /analyze- /errorReport:prompt "chapter04_07_calculator_5th attempt.cpp"
         chapter04_07_calculator_5th attempt.cpp
     1>c:\users\127464\documents\github\stroustrup-ppp\chapter04 computation\chapter04_07_calculator_5th attempt\chapter04_07_calculator_5th attempt\chapter04_07_calculator_5th attempt.cpp(49): warning C4018: '<' : signed/unsigned mismatch
     1>c:\users\127464\documents\github\stroustrup-ppp\chapter04 computation\chapter04_07_calculator_5th attempt\chapter04_07_calculator_5th attempt\chapter04_07_calculator_5th attempt.cpp(53): warning C4715: 'get_number' : not all control paths return a value
       ManifestResourceCompile:
         All outputs are up-to-date.
       Link:
         c:\Program Files (x86)\Microsoft Visual Studio 10.0\VC\bin\link.exe /ERRORREPORT:PROMPT /OUT:"C:\Users\127464\Documents\GitHub\stroustrup-ppp\chapter04 Computation\chapter04_07_calculator_5th attempt\Debug\chapter04_07_calculator_5th attempt.exe" /INCREMENTAL /NOLOGO kernel32.lib user32.lib gdi32.lib winspool.lib comdlg32.lib advapi32.lib shell32.lib ole32.lib oleaut32.lib uuid.lib odbc32.lib odbccp32.lib /MANIFEST /ManifestFile:"Debug\chapter04_07_calculator_5th attempt.exe.intermediate.manifest" /MANIFESTUAC:"level='asInvoker' uiAccess='false'" /DEBUG /PDB:"C:\Users\127464\Documents\GitHub\stroustrup-ppp\chapter04 Computation\chapter04_07_calculator_5th attempt\Debug\chapter04_07_calculator_5th attempt.pdb" /SUBSYSTEM:CONSOLE /TLBID:1 /DYNAMICBASE /NXCOMPAT /IMPLIB:"C:\Users\127464\Documents\GitHub\stroustrup-ppp\chapter04 Computation\chapter04_07_calculator_5th attempt\Debug\chapter04_07_calculator_5th attempt.lib" /MACHINE:X86 "Debug\chapter04_07_calculator_5th attempt.exe.embed.manifest.res"
         "Debug\chapter04_07_calculator_5th attempt.obj"
         Debug\stdafx.obj
       Manifest:
         c:\Program Files (x86)\Microsoft SDKs\Windows\v7.0A\bin\mt.exe /nologo /verbose /out:"Debug\chapter04_07_calculator_5th attempt.exe.embed.manifest" /manifest "Debug\chapter04_07_calculator_5th attempt.exe.intermediate.manifest"
         All outputs are up-to-date.
       LinkEmbedManifest:
         All outputs are up-to-date.
         chapter04_07_calculator_5th attempt.vcxproj -> C:\Users\127464\Documents\GitHub\stroustrup-ppp\chapter04 Computation\chapter04_07_calculator_5th attempt\Debug\chapter04_07_calculator_5th attempt.exe
       FinalizeBuildStatus:
         Deleting file "Debug\chapter04_07_calculator_5th attempt.unsuccessfulbuild".
         Touching "Debug\chapter04_07_calculator_5th attempt.lastbuildstate".
     1>Done Building Project "C:\Users\127464\Documents\GitHub\stroustrup-ppp\chapter04 Computation\chapter04_07_calculator_5th attempt\chapter04_07_calculator_5th attempt\chapter04_07_calculator_5th attempt.vcxproj" (build target(s)).

Build succeeded.

Time Elapsed 00:00:01.07
