Build started 15.06.2017 11.46.54.
     1>Project "c:\Users\127464\documents\visual studio 2010\Projects\chapter03_07_sort_three_string_variables\chapter03_07_sort_three_string_variables\chapter03_07_sort_three_string_variables.vcxproj" on node 2 (build target(s)).
     1>InitializeBuildStatus:
         Creating "Debug\chapter03_07_sort_three_string_variables.unsuccessfulbuild" because "AlwaysCreate" was specified.
       ClCompile:
         All outputs are up-to-date.
         c:\Program Files (x86)\Microsoft Visual Studio 10.0\VC\bin\CL.exe /c /ZI /nologo /W3 /WX- /Od /Oy- /D WIN32 /D _DEBUG /D _CONSOLE /D _UNICODE /D UNICODE /Gm /EHsc /RTC1 /MDd /GS /fp:precise /Zc:wchar_t /Zc:forScope /Yu"StdAfx.h" /Fp"Debug\chapter03_07_sort_three_string_variables.pch" /Fo"Debug\\" /Fd"Debug\vc100.pdb" /Gd /TP /analyze- /errorReport:prompt chapter03_07_sort_three_string_variables.cpp
         chapter03_07_sort_three_string_variables.cpp
       ManifestResourceCompile:
         All outputs are up-to-date.
       Link:
         c:\Program Files (x86)\Microsoft Visual Studio 10.0\VC\bin\link.exe /ERRORREPORT:PROMPT /OUT:"c:\users\127464\documents\visual studio 2010\Projects\chapter03_07_sort_three_string_variables\Debug\chapter03_07_sort_three_string_variables.exe" /INCREMENTAL /NOLOGO kernel32.lib user32.lib gdi32.lib winspool.lib comdlg32.lib advapi32.lib shell32.lib ole32.lib oleaut32.lib uuid.lib odbc32.lib odbccp32.lib /MANIFEST /ManifestFile:"Debug\chapter03_07_sort_three_string_variables.exe.intermediate.manifest" /MANIFESTUAC:"level='asInvoker' uiAccess='false'" /DEBUG /PDB:"c:\users\127464\documents\visual studio 2010\Projects\chapter03_07_sort_three_string_variables\Debug\chapter03_07_sort_three_string_variables.pdb" /SUBSYSTEM:CONSOLE /TLBID:1 /DYNAMICBASE /NXCOMPAT /IMPLIB:"c:\users\127464\documents\visual studio 2010\Projects\chapter03_07_sort_three_string_variables\Debug\chapter03_07_sort_three_string_variables.lib" /MACHINE:X86 Debug\chapter03_07_sort_three_string_variables.exe.embed.manifest.res
         Debug\chapter03_07_sort_three_string_variables.obj
         Debug\stdafx.obj
       Manifest:
         c:\Program Files (x86)\Microsoft SDKs\Windows\v7.0A\bin\mt.exe /nologo /verbose /out:"Debug\chapter03_07_sort_three_string_variables.exe.embed.manifest" /manifest Debug\chapter03_07_sort_three_string_variables.exe.intermediate.manifest
         All outputs are up-to-date.
       LinkEmbedManifest:
         All outputs are up-to-date.
         chapter03_07_sort_three_string_variables.vcxproj -> c:\users\127464\documents\visual studio 2010\Projects\chapter03_07_sort_three_string_variables\Debug\chapter03_07_sort_three_string_variables.exe
       FinalizeBuildStatus:
         Deleting file "Debug\chapter03_07_sort_three_string_variables.unsuccessfulbuild".
         Touching "Debug\chapter03_07_sort_three_string_variables.lastbuildstate".
     1>Done Building Project "c:\Users\127464\documents\visual studio 2010\Projects\chapter03_07_sort_three_string_variables\chapter03_07_sort_three_string_variables\chapter03_07_sort_three_string_variables.vcxproj" (build target(s)).

Build succeeded.

Time Elapsed 00:00:01.00
