Build started 14.06.2017 21.06.10.
     1>Project "c:\Users\127464\documents\visual studio 2010\Projects\chapter03_02_mile_to_kilometer_conversion\chapter03_02_mile_to_kilometer_conversion\chapter03_02_mile_to_kilometer_conversion.vcxproj" on node 2 (build target(s)).
     1>PrepareForBuild:
         Creating directory "c:\users\127464\documents\visual studio 2010\Projects\chapter03_02_mile_to_kilometer_conversion\Debug\".
       InitializeBuildStatus:
         Creating "Debug\chapter03_02_mile_to_kilometer_conversion.unsuccessfulbuild" because "AlwaysCreate" was specified.
       ClCompile:
         c:\Program Files (x86)\Microsoft Visual Studio 10.0\VC\bin\CL.exe /c /ZI /nologo /W3 /WX- /Od /Oy- /D WIN32 /D _DEBUG /D _CONSOLE /D _UNICODE /D UNICODE /Gm /EHsc /RTC1 /MDd /GS /fp:precise /Zc:wchar_t /Zc:forScope /Yc"StdAfx.h" /Fp"Debug\chapter03_02_mile_to_kilometer_conversion.pch" /Fo"Debug\\" /Fd"Debug\vc100.pdb" /Gd /TP /analyze- /errorReport:prompt stdafx.cpp
         stdafx.cpp
         c:\Program Files (x86)\Microsoft Visual Studio 10.0\VC\bin\CL.exe /c /ZI /nologo /W3 /WX- /Od /Oy- /D WIN32 /D _DEBUG /D _CONSOLE /D _UNICODE /D UNICODE /Gm /EHsc /RTC1 /MDd /GS /fp:precise /Zc:wchar_t /Zc:forScope /Yu"StdAfx.h" /Fp"Debug\chapter03_02_mile_to_kilometer_conversion.pch" /Fo"Debug\\" /Fd"Debug\vc100.pdb" /Gd /TP /analyze- /errorReport:prompt chapter03_02_mile_to_kilometer_conversion.cpp
         chapter03_02_mile_to_kilometer_conversion.cpp
     1>c:\users\127464\documents\visual studio 2010\projects\chapter03_02_mile_to_kilometer_conversion\chapter03_02_mile_to_kilometer_conversion\chapter03_02_mile_to_kilometer_conversion.cpp(14): warning C4244: '=' : conversion from 'double' to 'int', possible loss of data
       ManifestResourceCompile:
         c:\Program Files (x86)\Microsoft SDKs\Windows\v7.0A\bin\rc.exe /nologo /fo"Debug\chapter03_02_mile_to_kilometer_conversion.exe.embed.manifest.res" Debug\chapter03_02_mile_to_kilometer_conversion_manifest.rc 
       Link:
         c:\Program Files (x86)\Microsoft Visual Studio 10.0\VC\bin\link.exe /ERRORREPORT:PROMPT /OUT:"c:\users\127464\documents\visual studio 2010\Projects\chapter03_02_mile_to_kilometer_conversion\Debug\chapter03_02_mile_to_kilometer_conversion.exe" /INCREMENTAL /NOLOGO kernel32.lib user32.lib gdi32.lib winspool.lib comdlg32.lib advapi32.lib shell32.lib ole32.lib oleaut32.lib uuid.lib odbc32.lib odbccp32.lib /MANIFEST /ManifestFile:"Debug\chapter03_02_mile_to_kilometer_conversion.exe.intermediate.manifest" /MANIFESTUAC:"level='asInvoker' uiAccess='false'" /DEBUG /PDB:"c:\users\127464\documents\visual studio 2010\Projects\chapter03_02_mile_to_kilometer_conversion\Debug\chapter03_02_mile_to_kilometer_conversion.pdb" /SUBSYSTEM:CONSOLE /TLBID:1 /DYNAMICBASE /NXCOMPAT /IMPLIB:"c:\users\127464\documents\visual studio 2010\Projects\chapter03_02_mile_to_kilometer_conversion\Debug\chapter03_02_mile_to_kilometer_conversion.lib" /MACHINE:X86 Debug\chapter03_02_mile_to_kilometer_conversion.exe.embed.manifest.res
         Debug\chapter03_02_mile_to_kilometer_conversion.obj
         Debug\stdafx.obj
       Manifest:
         c:\Program Files (x86)\Microsoft SDKs\Windows\v7.0A\bin\mt.exe /nologo /verbose /out:"Debug\chapter03_02_mile_to_kilometer_conversion.exe.embed.manifest" /manifest Debug\chapter03_02_mile_to_kilometer_conversion.exe.intermediate.manifest
         c:\Program Files (x86)\Microsoft SDKs\Windows\v7.0A\bin\rc.exe /nologo /fo"Debug\chapter03_02_mile_to_kilometer_conversion.exe.embed.manifest.res" Debug\chapter03_02_mile_to_kilometer_conversion_manifest.rc 
       LinkEmbedManifest:
         c:\Program Files (x86)\Microsoft Visual Studio 10.0\VC\bin\link.exe /ERRORREPORT:PROMPT /OUT:"c:\users\127464\documents\visual studio 2010\Projects\chapter03_02_mile_to_kilometer_conversion\Debug\chapter03_02_mile_to_kilometer_conversion.exe" /INCREMENTAL /NOLOGO kernel32.lib user32.lib gdi32.lib winspool.lib comdlg32.lib advapi32.lib shell32.lib ole32.lib oleaut32.lib uuid.lib odbc32.lib odbccp32.lib /MANIFEST /ManifestFile:"Debug\chapter03_02_mile_to_kilometer_conversion.exe.intermediate.manifest" /MANIFESTUAC:"level='asInvoker' uiAccess='false'" /DEBUG /PDB:"c:\users\127464\documents\visual studio 2010\Projects\chapter03_02_mile_to_kilometer_conversion\Debug\chapter03_02_mile_to_kilometer_conversion.pdb" /SUBSYSTEM:CONSOLE /TLBID:1 /DYNAMICBASE /NXCOMPAT /IMPLIB:"c:\users\127464\documents\visual studio 2010\Projects\chapter03_02_mile_to_kilometer_conversion\Debug\chapter03_02_mile_to_kilometer_conversion.lib" /MACHINE:X86 Debug\chapter03_02_mile_to_kilometer_conversion.exe.embed.manifest.res
         Debug\chapter03_02_mile_to_kilometer_conversion.obj
         Debug\stdafx.obj
         chapter03_02_mile_to_kilometer_conversion.vcxproj -> c:\users\127464\documents\visual studio 2010\Projects\chapter03_02_mile_to_kilometer_conversion\Debug\chapter03_02_mile_to_kilometer_conversion.exe
       FinalizeBuildStatus:
         Deleting file "Debug\chapter03_02_mile_to_kilometer_conversion.unsuccessfulbuild".
         Touching "Debug\chapter03_02_mile_to_kilometer_conversion.lastbuildstate".
     1>Done Building Project "c:\Users\127464\documents\visual studio 2010\Projects\chapter03_02_mile_to_kilometer_conversion\chapter03_02_mile_to_kilometer_conversion\chapter03_02_mile_to_kilometer_conversion.vcxproj" (build target(s)).

Build succeeded.

Time Elapsed 00:00:01.83
