Build started 6/24/2017 11:13:32 AM.
     1>Project "C:\Users\127464\Documents\GitHub\stroustrup-ppp\chapter04 Computation\chapter04_03_guessing game\chapter04_03_guessing game\chapter04_03_guessing game.vcxproj" on node 2 (build target(s)).
     1>InitializeBuildStatus:
         Touching "Debug\chapter04_03_guessing game.unsuccessfulbuild".
       ClCompile:
         All outputs are up-to-date.
         c:\Program Files (x86)\Microsoft Visual Studio 10.0\VC\bin\CL.exe /c /ZI /nologo /W3 /WX- /Od /Oy- /D WIN32 /D _DEBUG /D _CONSOLE /D _UNICODE /D UNICODE /Gm /EHsc /RTC1 /MDd /GS /fp:precise /Zc:wchar_t /Zc:forScope /Yu"StdAfx.h" /Fp"Debug\chapter04_03_guessing game.pch" /Fo"Debug\\" /Fd"Debug\vc100.pdb" /Gd /TP /analyze- /errorReport:prompt "chapter04_03_guessing game.cpp"
         chapter04_03_guessing game.cpp
     1>c:\users\127464\documents\github\stroustrup-ppp\chapter04 computation\chapter04_03_guessing game\chapter04_03_guessing game\chapter04_03_guessing game.cpp(60): warning C4018: '<=' : signed/unsigned mismatch
     1>c:\users\127464\documents\github\stroustrup-ppp\chapter04 computation\chapter04_03_guessing game\chapter04_03_guessing game\chapter04_03_guessing game.cpp(67): warning C4018: '<=' : signed/unsigned mismatch
       ManifestResourceCompile:
         c:\Program Files (x86)\Microsoft SDKs\Windows\v7.0A\bin\rc.exe /nologo /fo"Debug\chapter04_03_guessing game.exe.embed.manifest.res" "Debug\chapter04_03_guessing game_manifest.rc" 
       Link:
         c:\Program Files (x86)\Microsoft Visual Studio 10.0\VC\bin\link.exe /ERRORREPORT:PROMPT /OUT:"C:\Users\127464\Documents\GitHub\stroustrup-ppp\chapter04 Computation\chapter04_03_guessing game\Debug\chapter04_03_guessing game.exe" /INCREMENTAL /NOLOGO kernel32.lib user32.lib gdi32.lib winspool.lib comdlg32.lib advapi32.lib shell32.lib ole32.lib oleaut32.lib uuid.lib odbc32.lib odbccp32.lib /MANIFEST /ManifestFile:"Debug\chapter04_03_guessing game.exe.intermediate.manifest" /MANIFESTUAC:"level='asInvoker' uiAccess='false'" /DEBUG /PDB:"C:\Users\127464\Documents\GitHub\stroustrup-ppp\chapter04 Computation\chapter04_03_guessing game\Debug\chapter04_03_guessing game.pdb" /SUBSYSTEM:CONSOLE /TLBID:1 /DYNAMICBASE /NXCOMPAT /IMPLIB:"C:\Users\127464\Documents\GitHub\stroustrup-ppp\chapter04 Computation\chapter04_03_guessing game\Debug\chapter04_03_guessing game.lib" /MACHINE:X86 "Debug\chapter04_03_guessing game.exe.embed.manifest.res"
         "Debug\chapter04_03_guessing game.obj"
         Debug\stdafx.obj
       Manifest:
         c:\Program Files (x86)\Microsoft SDKs\Windows\v7.0A\bin\mt.exe /nologo /verbose /out:"Debug\chapter04_03_guessing game.exe.embed.manifest" /manifest "Debug\chapter04_03_guessing game.exe.intermediate.manifest"
         c:\Program Files (x86)\Microsoft SDKs\Windows\v7.0A\bin\rc.exe /nologo /fo"Debug\chapter04_03_guessing game.exe.embed.manifest.res" "Debug\chapter04_03_guessing game_manifest.rc" 
       LinkEmbedManifest:
         c:\Program Files (x86)\Microsoft Visual Studio 10.0\VC\bin\link.exe /ERRORREPORT:PROMPT /OUT:"C:\Users\127464\Documents\GitHub\stroustrup-ppp\chapter04 Computation\chapter04_03_guessing game\Debug\chapter04_03_guessing game.exe" /INCREMENTAL /NOLOGO kernel32.lib user32.lib gdi32.lib winspool.lib comdlg32.lib advapi32.lib shell32.lib ole32.lib oleaut32.lib uuid.lib odbc32.lib odbccp32.lib /MANIFEST /ManifestFile:"Debug\chapter04_03_guessing game.exe.intermediate.manifest" /MANIFESTUAC:"level='asInvoker' uiAccess='false'" /DEBUG /PDB:"C:\Users\127464\Documents\GitHub\stroustrup-ppp\chapter04 Computation\chapter04_03_guessing game\Debug\chapter04_03_guessing game.pdb" /SUBSYSTEM:CONSOLE /TLBID:1 /DYNAMICBASE /NXCOMPAT /IMPLIB:"C:\Users\127464\Documents\GitHub\stroustrup-ppp\chapter04 Computation\chapter04_03_guessing game\Debug\chapter04_03_guessing game.lib" /MACHINE:X86 "Debug\chapter04_03_guessing game.exe.embed.manifest.res"
         "Debug\chapter04_03_guessing game.obj"
         Debug\stdafx.obj
         chapter04_03_guessing game.vcxproj -> C:\Users\127464\Documents\GitHub\stroustrup-ppp\chapter04 Computation\chapter04_03_guessing game\Debug\chapter04_03_guessing game.exe
       FinalizeBuildStatus:
         Deleting file "Debug\chapter04_03_guessing game.unsuccessfulbuild".
         Touching "Debug\chapter04_03_guessing game.lastbuildstate".
     1>Done Building Project "C:\Users\127464\Documents\GitHub\stroustrup-ppp\chapter04 Computation\chapter04_03_guessing game\chapter04_03_guessing game\chapter04_03_guessing game.vcxproj" (build target(s)).

Build succeeded.

Time Elapsed 00:00:01.48
