Build started 6/22/2017 8:00:27 AM.
     1>Project "C:\Users\127464\Documents\GitHub\stroustrup-ppp\chapter03 Objects Types and Values\chapter03_11_pennies_to_dollars\chapter03_11_pennies_to_dollars\chapter03_11_pennies_to_dollars.vcxproj" on node 2 (build target(s)).
     1>InitializeBuildStatus:
         Creating "Debug\chapter03_11_pennies_to_dollars.unsuccessfulbuild" because "AlwaysCreate" was specified.
       ClCompile:
         All outputs are up-to-date.
         c:\Program Files (x86)\Microsoft Visual Studio 10.0\VC\bin\CL.exe /c /ZI /nologo /W3 /WX- /Od /Oy- /D WIN32 /D _DEBUG /D _CONSOLE /D _UNICODE /D UNICODE /Gm /EHsc /RTC1 /MDd /GS /fp:precise /Zc:wchar_t /Zc:forScope /Yu"StdAfx.h" /Fp"Debug\chapter03_11_pennies_to_dollars.pch" /Fo"Debug\\" /Fd"Debug\vc100.pdb" /Gd /TP /analyze- /errorReport:prompt chapter03_11_pennies_to_dollars.cpp
         chapter03_11_pennies_to_dollars.cpp
       ManifestResourceCompile:
         All outputs are up-to-date.
       Link:
         c:\Program Files (x86)\Microsoft Visual Studio 10.0\VC\bin\link.exe /ERRORREPORT:PROMPT /OUT:"C:\Users\127464\Documents\GitHub\stroustrup-ppp\chapter03 Objects Types and Values\chapter03_11_pennies_to_dollars\Debug\chapter03_11_pennies_to_dollars.exe" /INCREMENTAL /NOLOGO kernel32.lib user32.lib gdi32.lib winspool.lib comdlg32.lib advapi32.lib shell32.lib ole32.lib oleaut32.lib uuid.lib odbc32.lib odbccp32.lib /MANIFEST /ManifestFile:"Debug\chapter03_11_pennies_to_dollars.exe.intermediate.manifest" /MANIFESTUAC:"level='asInvoker' uiAccess='false'" /DEBUG /PDB:"C:\Users\127464\Documents\GitHub\stroustrup-ppp\chapter03 Objects Types and Values\chapter03_11_pennies_to_dollars\Debug\chapter03_11_pennies_to_dollars.pdb" /SUBSYSTEM:CONSOLE /TLBID:1 /DYNAMICBASE /NXCOMPAT /IMPLIB:"C:\Users\127464\Documents\GitHub\stroustrup-ppp\chapter03 Objects Types and Values\chapter03_11_pennies_to_dollars\Debug\chapter03_11_pennies_to_dollars.lib" /MACHINE:X86 Debug\chapter03_11_pennies_to_dollars.exe.embed.manifest.res
         Debug\chapter03_11_pennies_to_dollars.obj
         Debug\stdafx.obj
       Manifest:
         c:\Program Files (x86)\Microsoft SDKs\Windows\v7.0A\bin\mt.exe /nologo /verbose /out:"Debug\chapter03_11_pennies_to_dollars.exe.embed.manifest" /manifest Debug\chapter03_11_pennies_to_dollars.exe.intermediate.manifest
         All outputs are up-to-date.
       LinkEmbedManifest:
         All outputs are up-to-date.
         chapter03_11_pennies_to_dollars.vcxproj -> C:\Users\127464\Documents\GitHub\stroustrup-ppp\chapter03 Objects Types and Values\chapter03_11_pennies_to_dollars\Debug\chapter03_11_pennies_to_dollars.exe
       FinalizeBuildStatus:
         Deleting file "Debug\chapter03_11_pennies_to_dollars.unsuccessfulbuild".
         Touching "Debug\chapter03_11_pennies_to_dollars.lastbuildstate".
     1>Done Building Project "C:\Users\127464\Documents\GitHub\stroustrup-ppp\chapter03 Objects Types and Values\chapter03_11_pennies_to_dollars\chapter03_11_pennies_to_dollars\chapter03_11_pennies_to_dollars.vcxproj" (build target(s)).

Build succeeded.

Time Elapsed 00:00:01.13
