Build started 6/22/2017 4:00:24 PM.
     1>Project "C:\Users\127464\Documents\GitHub\stroustrup-ppp\chapter04 Computation\chapter04_try this _square\chapter04_try this _square\chapter04_try this _square.vcxproj" on node 2 (build target(s)).
     1>InitializeBuildStatus:
         Creating "Debug\chapter04_try this _square.unsuccessfulbuild" because "AlwaysCreate" was specified.
       ClCompile:
         All outputs are up-to-date.
         c:\Program Files (x86)\Microsoft Visual Studio 10.0\VC\bin\CL.exe /c /ZI /nologo /W3 /WX- /Od /Oy- /D WIN32 /D _DEBUG /D _CONSOLE /D _UNICODE /D UNICODE /Gm /EHsc /RTC1 /MDd /GS /fp:precise /Zc:wchar_t /Zc:forScope /Yu"StdAfx.h" /Fp"Debug\chapter04_try this _square.pch" /Fo"Debug\\" /Fd"Debug\vc100.pdb" /Gd /TP /analyze- /errorReport:prompt "chapter04_try this _square.cpp"
         chapter04_try this _square.cpp
       ManifestResourceCompile:
         All outputs are up-to-date.
       Link:
         c:\Program Files (x86)\Microsoft Visual Studio 10.0\VC\bin\link.exe /ERRORREPORT:PROMPT /OUT:"C:\Users\127464\Documents\GitHub\stroustrup-ppp\chapter04 Computation\chapter04_try this _square\Debug\chapter04_try this _square.exe" /INCREMENTAL /NOLOGO kernel32.lib user32.lib gdi32.lib winspool.lib comdlg32.lib advapi32.lib shell32.lib ole32.lib oleaut32.lib uuid.lib odbc32.lib odbccp32.lib /MANIFEST /ManifestFile:"Debug\chapter04_try this _square.exe.intermediate.manifest" /MANIFESTUAC:"level='asInvoker' uiAccess='false'" /DEBUG /PDB:"C:\Users\127464\Documents\GitHub\stroustrup-ppp\chapter04 Computation\chapter04_try this _square\Debug\chapter04_try this _square.pdb" /SUBSYSTEM:CONSOLE /TLBID:1 /DYNAMICBASE /NXCOMPAT /IMPLIB:"C:\Users\127464\Documents\GitHub\stroustrup-ppp\chapter04 Computation\chapter04_try this _square\Debug\chapter04_try this _square.lib" /MACHINE:X86 "Debug\chapter04_try this _square.exe.embed.manifest.res"
         "Debug\chapter04_try this _square.obj"
         Debug\stdafx.obj
       Manifest:
         c:\Program Files (x86)\Microsoft SDKs\Windows\v7.0A\bin\mt.exe /nologo /verbose /out:"Debug\chapter04_try this _square.exe.embed.manifest" /manifest "Debug\chapter04_try this _square.exe.intermediate.manifest"
         All outputs are up-to-date.
       LinkEmbedManifest:
         All outputs are up-to-date.
         chapter04_try this _square.vcxproj -> C:\Users\127464\Documents\GitHub\stroustrup-ppp\chapter04 Computation\chapter04_try this _square\Debug\chapter04_try this _square.exe
       FinalizeBuildStatus:
         Deleting file "Debug\chapter04_try this _square.unsuccessfulbuild".
         Touching "Debug\chapter04_try this _square.lastbuildstate".
     1>Done Building Project "C:\Users\127464\Documents\GitHub\stroustrup-ppp\chapter04 Computation\chapter04_try this _square\chapter04_try this _square\chapter04_try this _square.vcxproj" (build target(s)).

Build succeeded.

Time Elapsed 00:00:00.75
