Build started 21.06.2017 13.26.17.
     1>Project "C:\Users\127464\Documents\GitHub\stroustrup-ppp\chapter03 Objects Types and Values\chapter03_safe conversions\chapter03_safe conversions\chapter03_safe conversions.vcxproj" on node 2 (build target(s)).
     1>InitializeBuildStatus:
         Touching "Debug\chapter03_safe conversions.unsuccessfulbuild".
       ClCompile:
         All outputs are up-to-date.
         c:\Program Files (x86)\Microsoft Visual Studio 10.0\VC\bin\CL.exe /c /ZI /nologo /W3 /WX- /Od /Oy- /D WIN32 /D _DEBUG /D _CONSOLE /D _UNICODE /D UNICODE /Gm /EHsc /RTC1 /MDd /GS /fp:precise /Zc:wchar_t /Zc:forScope /Yu"StdAfx.h" /Fp"Debug\chapter03_safe conversions.pch" /Fo"Debug\\" /Fd"Debug\vc100.pdb" /Gd /TP /analyze- /errorReport:prompt "chapter03_safe conversions.cpp"
         chapter03_safe conversions.cpp
       ManifestResourceCompile:
         All outputs are up-to-date.
       Link:
         c:\Program Files (x86)\Microsoft Visual Studio 10.0\VC\bin\link.exe /ERRORREPORT:PROMPT /OUT:"C:\Users\127464\Documents\GitHub\stroustrup-ppp\chapter03 Objects Types and Values\chapter03_safe conversions\Debug\chapter03_safe conversions.exe" /INCREMENTAL /NOLOGO kernel32.lib user32.lib gdi32.lib winspool.lib comdlg32.lib advapi32.lib shell32.lib ole32.lib oleaut32.lib uuid.lib odbc32.lib odbccp32.lib /MANIFEST /ManifestFile:"Debug\chapter03_safe conversions.exe.intermediate.manifest" /MANIFESTUAC:"level='asInvoker' uiAccess='false'" /DEBUG /PDB:"C:\Users\127464\Documents\GitHub\stroustrup-ppp\chapter03 Objects Types and Values\chapter03_safe conversions\Debug\chapter03_safe conversions.pdb" /SUBSYSTEM:CONSOLE /TLBID:1 /DYNAMICBASE /NXCOMPAT /IMPLIB:"C:\Users\127464\Documents\GitHub\stroustrup-ppp\chapter03 Objects Types and Values\chapter03_safe conversions\Debug\chapter03_safe conversions.lib" /MACHINE:X86 "Debug\chapter03_safe conversions.exe.embed.manifest.res"
         "Debug\chapter03_safe conversions.obj"
         Debug\stdafx.obj
       Manifest:
         c:\Program Files (x86)\Microsoft SDKs\Windows\v7.0A\bin\mt.exe /nologo /verbose /out:"Debug\chapter03_safe conversions.exe.embed.manifest" /manifest "Debug\chapter03_safe conversions.exe.intermediate.manifest"
         All outputs are up-to-date.
       LinkEmbedManifest:
         All outputs are up-to-date.
         chapter03_safe conversions.vcxproj -> C:\Users\127464\Documents\GitHub\stroustrup-ppp\chapter03 Objects Types and Values\chapter03_safe conversions\Debug\chapter03_safe conversions.exe
       FinalizeBuildStatus:
         Deleting file "Debug\chapter03_safe conversions.unsuccessfulbuild".
         Touching "Debug\chapter03_safe conversions.lastbuildstate".
     1>Done Building Project "C:\Users\127464\Documents\GitHub\stroustrup-ppp\chapter03 Objects Types and Values\chapter03_safe conversions\chapter03_safe conversions\chapter03_safe conversions.vcxproj" (build target(s)).

Build succeeded.

Time Elapsed 00:00:00.78
