Build started 6/21/2017 8:12:18 PM.
     1>Project "C:\Users\127464\Documents\GitHub\stroustrup-ppp\chapter03 Objects Types and Values\chapter03_10_simple_calculator\chapter03_10_simple_calculator\chapter03_10_simple_calculator.vcxproj" on node 2 (build target(s)).
     1>InitializeBuildStatus:
         Touching "Debug\chapter03_10_simple_calculator.unsuccessfulbuild".
       ClCompile:
         All outputs are up-to-date.
         All outputs are up-to-date.
       ManifestResourceCompile:
         All outputs are up-to-date.
       Link:
         c:\Program Files (x86)\Microsoft Visual Studio 10.0\VC\bin\link.exe /ERRORREPORT:PROMPT /OUT:"C:\Users\127464\Documents\GitHub\stroustrup-ppp\chapter03 Objects Types and Values\chapter03_10_simple_calculator\Debug\chapter03_10_simple_calculator.exe" /INCREMENTAL /NOLOGO kernel32.lib user32.lib gdi32.lib winspool.lib comdlg32.lib advapi32.lib shell32.lib ole32.lib oleaut32.lib uuid.lib odbc32.lib odbccp32.lib /MANIFEST /ManifestFile:"Debug\chapter03_10_simple_calculator.exe.intermediate.manifest" /MANIFESTUAC:"level='asInvoker' uiAccess='false'" /DEBUG /PDB:"C:\Users\127464\Documents\GitHub\stroustrup-ppp\chapter03 Objects Types and Values\chapter03_10_simple_calculator\Debug\chapter03_10_simple_calculator.pdb" /SUBSYSTEM:CONSOLE /TLBID:1 /DYNAMICBASE /NXCOMPAT /IMPLIB:"C:\Users\127464\Documents\GitHub\stroustrup-ppp\chapter03 Objects Types and Values\chapter03_10_simple_calculator\Debug\chapter03_10_simple_calculator.lib" /MACHINE:X86 Debug\chapter03_10_simple_calculator.exe.embed.manifest.res
         Debug\chapter03_10_simple_calculator.obj
         Debug\stdafx.obj
       Manifest:
         c:\Program Files (x86)\Microsoft SDKs\Windows\v7.0A\bin\mt.exe /nologo /verbose /out:"Debug\chapter03_10_simple_calculator.exe.embed.manifest" /manifest Debug\chapter03_10_simple_calculator.exe.intermediate.manifest
         All outputs are up-to-date.
       LinkEmbedManifest:
         All outputs are up-to-date.
         chapter03_10_simple_calculator.vcxproj -> C:\Users\127464\Documents\GitHub\stroustrup-ppp\chapter03 Objects Types and Values\chapter03_10_simple_calculator\Debug\chapter03_10_simple_calculator.exe
       FinalizeBuildStatus:
         Deleting file "Debug\chapter03_10_simple_calculator.unsuccessfulbuild".
         Touching "Debug\chapter03_10_simple_calculator.lastbuildstate".
     1>Done Building Project "C:\Users\127464\Documents\GitHub\stroustrup-ppp\chapter03 Objects Types and Values\chapter03_10_simple_calculator\chapter03_10_simple_calculator\chapter03_10_simple_calculator.vcxproj" (build target(s)).

Build succeeded.

Time Elapsed 00:00:00.35
