Build started 6/23/2017 9:06:55 AM.
     1>Project "C:\Users\127464\Documents\GitHub\stroustrup-ppp\chapter04 Computation\chapter04_try_this_while_char_print\chapter04_try_this_while_char_print\chapter04_try_this_while_char_print.vcxproj" on node 2 (build target(s)).
     1>PrepareForBuild:
         Creating directory "C:\Users\127464\Documents\GitHub\stroustrup-ppp\chapter04 Computation\chapter04_try_this_while_char_print\Debug\".
       InitializeBuildStatus:
         Creating "Debug\chapter04_try_this_while_char_print.unsuccessfulbuild" because "AlwaysCreate" was specified.
       ClCompile:
         c:\Program Files (x86)\Microsoft Visual Studio 10.0\VC\bin\CL.exe /c /ZI /nologo /W3 /WX- /Od /Oy- /D WIN32 /D _DEBUG /D _CONSOLE /D _UNICODE /D UNICODE /Gm /EHsc /RTC1 /MDd /GS /fp:precise /Zc:wchar_t /Zc:forScope /Yc"StdAfx.h" /Fp"Debug\chapter04_try_this_while_char_print.pch" /Fo"Debug\\" /Fd"Debug\vc100.pdb" /Gd /TP /analyze- /errorReport:prompt stdafx.cpp
         stdafx.cpp
         c:\Program Files (x86)\Microsoft Visual Studio 10.0\VC\bin\CL.exe /c /ZI /nologo /W3 /WX- /Od /Oy- /D WIN32 /D _DEBUG /D _CONSOLE /D _UNICODE /D UNICODE /Gm /EHsc /RTC1 /MDd /GS /fp:precise /Zc:wchar_t /Zc:forScope /Yu"StdAfx.h" /Fp"Debug\chapter04_try_this_while_char_print.pch" /Fo"Debug\\" /Fd"Debug\vc100.pdb" /Gd /TP /analyze- /errorReport:prompt chapter04_try_this_while_char_print.cpp
         chapter04_try_this_while_char_print.cpp
       ManifestResourceCompile:
         c:\Program Files (x86)\Microsoft SDKs\Windows\v7.0A\bin\rc.exe /nologo /fo"Debug\chapter04_try_this_while_char_print.exe.embed.manifest.res" Debug\chapter04_try_this_while_char_print_manifest.rc 
       Link:
         c:\Program Files (x86)\Microsoft Visual Studio 10.0\VC\bin\link.exe /ERRORREPORT:PROMPT /OUT:"C:\Users\127464\Documents\GitHub\stroustrup-ppp\chapter04 Computation\chapter04_try_this_while_char_print\Debug\chapter04_try_this_while_char_print.exe" /INCREMENTAL /NOLOGO kernel32.lib user32.lib gdi32.lib winspool.lib comdlg32.lib advapi32.lib shell32.lib ole32.lib oleaut32.lib uuid.lib odbc32.lib odbccp32.lib /MANIFEST /ManifestFile:"Debug\chapter04_try_this_while_char_print.exe.intermediate.manifest" /MANIFESTUAC:"level='asInvoker' uiAccess='false'" /DEBUG /PDB:"C:\Users\127464\Documents\GitHub\stroustrup-ppp\chapter04 Computation\chapter04_try_this_while_char_print\Debug\chapter04_try_this_while_char_print.pdb" /SUBSYSTEM:CONSOLE /TLBID:1 /DYNAMICBASE /NXCOMPAT /IMPLIB:"C:\Users\127464\Documents\GitHub\stroustrup-ppp\chapter04 Computation\chapter04_try_this_while_char_print\Debug\chapter04_try_this_while_char_print.lib" /MACHINE:X86 Debug\chapter04_try_this_while_char_print.exe.embed.manifest.res
         Debug\chapter04_try_this_while_char_print.obj
         Debug\stdafx.obj
       Manifest:
         c:\Program Files (x86)\Microsoft SDKs\Windows\v7.0A\bin\mt.exe /nologo /verbose /out:"Debug\chapter04_try_this_while_char_print.exe.embed.manifest" /manifest Debug\chapter04_try_this_while_char_print.exe.intermediate.manifest
         c:\Program Files (x86)\Microsoft SDKs\Windows\v7.0A\bin\rc.exe /nologo /fo"Debug\chapter04_try_this_while_char_print.exe.embed.manifest.res" Debug\chapter04_try_this_while_char_print_manifest.rc 
       LinkEmbedManifest:
         c:\Program Files (x86)\Microsoft Visual Studio 10.0\VC\bin\link.exe /ERRORREPORT:PROMPT /OUT:"C:\Users\127464\Documents\GitHub\stroustrup-ppp\chapter04 Computation\chapter04_try_this_while_char_print\Debug\chapter04_try_this_while_char_print.exe" /INCREMENTAL /NOLOGO kernel32.lib user32.lib gdi32.lib winspool.lib comdlg32.lib advapi32.lib shell32.lib ole32.lib oleaut32.lib uuid.lib odbc32.lib odbccp32.lib /MANIFEST /ManifestFile:"Debug\chapter04_try_this_while_char_print.exe.intermediate.manifest" /MANIFESTUAC:"level='asInvoker' uiAccess='false'" /DEBUG /PDB:"C:\Users\127464\Documents\GitHub\stroustrup-ppp\chapter04 Computation\chapter04_try_this_while_char_print\Debug\chapter04_try_this_while_char_print.pdb" /SUBSYSTEM:CONSOLE /TLBID:1 /DYNAMICBASE /NXCOMPAT /IMPLIB:"C:\Users\127464\Documents\GitHub\stroustrup-ppp\chapter04 Computation\chapter04_try_this_while_char_print\Debug\chapter04_try_this_while_char_print.lib" /MACHINE:X86 Debug\chapter04_try_this_while_char_print.exe.embed.manifest.res
         Debug\chapter04_try_this_while_char_print.obj
         Debug\stdafx.obj
         chapter04_try_this_while_char_print.vcxproj -> C:\Users\127464\Documents\GitHub\stroustrup-ppp\chapter04 Computation\chapter04_try_this_while_char_print\Debug\chapter04_try_this_while_char_print.exe
       FinalizeBuildStatus:
         Deleting file "Debug\chapter04_try_this_while_char_print.unsuccessfulbuild".
         Touching "Debug\chapter04_try_this_while_char_print.lastbuildstate".
     1>Done Building Project "C:\Users\127464\Documents\GitHub\stroustrup-ppp\chapter04 Computation\chapter04_try_this_while_char_print\chapter04_try_this_while_char_print\chapter04_try_this_while_char_print.vcxproj" (build target(s)).

Build succeeded.

Time Elapsed 00:00:01.80
