Build started 6/24/2017 2:46:21 PM.
     1>Project "C:\Users\127464\Documents\GitHub\stroustrup-ppp\chapter04 Computation\chapter04_04_guessing game_buwuethr\chapter04_04_guessing game_buwuethr\chapter04_04_guessing game_buwuethr.vcxproj" on node 2 (build target(s)).
     1>PrepareForBuild:
         Creating directory "C:\Users\127464\Documents\GitHub\stroustrup-ppp\chapter04 Computation\chapter04_04_guessing game_buwuethr\Debug\".
       InitializeBuildStatus:
         Creating "Debug\chapter04_04_guessing game_buwuethr.unsuccessfulbuild" because "AlwaysCreate" was specified.
       ClCompile:
         c:\Program Files (x86)\Microsoft Visual Studio 10.0\VC\bin\CL.exe /c /ZI /nologo /W3 /WX- /Od /Oy- /D WIN32 /D _DEBUG /D _CONSOLE /D _UNICODE /D UNICODE /Gm /EHsc /RTC1 /MDd /GS /fp:precise /Zc:wchar_t /Zc:forScope /Yc"StdAfx.h" /Fp"Debug\chapter04_04_guessing game_buwuethr.pch" /Fo"Debug\\" /Fd"Debug\vc100.pdb" /Gd /TP /analyze- /errorReport:prompt stdafx.cpp
         stdafx.cpp
         c:\Program Files (x86)\Microsoft Visual Studio 10.0\VC\bin\CL.exe /c /ZI /nologo /W3 /WX- /Od /Oy- /D WIN32 /D _DEBUG /D _CONSOLE /D _UNICODE /D UNICODE /Gm /EHsc /RTC1 /MDd /GS /fp:precise /Zc:wchar_t /Zc:forScope /Yu"StdAfx.h" /Fp"Debug\chapter04_04_guessing game_buwuethr.pch" /Fo"Debug\\" /Fd"Debug\vc100.pdb" /Gd /TP /analyze- /errorReport:prompt "chapter04_04_guessing game_buwuethr.cpp"
         chapter04_04_guessing game_buwuethr.cpp
     1>c:\users\127464\documents\github\stroustrup-ppp\chapter04 computation\chapter04_04_guessing game_buwuethr\chapter04_04_guessing game_buwuethr\chapter04_04_guessing game_buwuethr.cpp(60): warning C4018: '<=' : signed/unsigned mismatch
     1>c:\users\127464\documents\github\stroustrup-ppp\chapter04 computation\chapter04_04_guessing game_buwuethr\chapter04_04_guessing game_buwuethr\chapter04_04_guessing game_buwuethr.cpp(67): warning C4018: '<=' : signed/unsigned mismatch
       ManifestResourceCompile:
         c:\Program Files (x86)\Microsoft SDKs\Windows\v7.0A\bin\rc.exe /nologo /fo"Debug\chapter04_04_guessing game_buwuethr.exe.embed.manifest.res" "Debug\chapter04_04_guessing game_buwuethr_manifest.rc" 
       Link:
         c:\Program Files (x86)\Microsoft Visual Studio 10.0\VC\bin\link.exe /ERRORREPORT:PROMPT /OUT:"C:\Users\127464\Documents\GitHub\stroustrup-ppp\chapter04 Computation\chapter04_04_guessing game_buwuethr\Debug\chapter04_04_guessing game_buwuethr.exe" /INCREMENTAL /NOLOGO kernel32.lib user32.lib gdi32.lib winspool.lib comdlg32.lib advapi32.lib shell32.lib ole32.lib oleaut32.lib uuid.lib odbc32.lib odbccp32.lib /MANIFEST /ManifestFile:"Debug\chapter04_04_guessing game_buwuethr.exe.intermediate.manifest" /MANIFESTUAC:"level='asInvoker' uiAccess='false'" /DEBUG /PDB:"C:\Users\127464\Documents\GitHub\stroustrup-ppp\chapter04 Computation\chapter04_04_guessing game_buwuethr\Debug\chapter04_04_guessing game_buwuethr.pdb" /SUBSYSTEM:CONSOLE /TLBID:1 /DYNAMICBASE /NXCOMPAT /IMPLIB:"C:\Users\127464\Documents\GitHub\stroustrup-ppp\chapter04 Computation\chapter04_04_guessing game_buwuethr\Debug\chapter04_04_guessing game_buwuethr.lib" /MACHINE:X86 "Debug\chapter04_04_guessing game_buwuethr.exe.embed.manifest.res"
         "Debug\chapter04_04_guessing game_buwuethr.obj"
         Debug\stdafx.obj
       Manifest:
         c:\Program Files (x86)\Microsoft SDKs\Windows\v7.0A\bin\mt.exe /nologo /verbose /out:"Debug\chapter04_04_guessing game_buwuethr.exe.embed.manifest" /manifest "Debug\chapter04_04_guessing game_buwuethr.exe.intermediate.manifest"
         c:\Program Files (x86)\Microsoft SDKs\Windows\v7.0A\bin\rc.exe /nologo /fo"Debug\chapter04_04_guessing game_buwuethr.exe.embed.manifest.res" "Debug\chapter04_04_guessing game_buwuethr_manifest.rc" 
       LinkEmbedManifest:
         c:\Program Files (x86)\Microsoft Visual Studio 10.0\VC\bin\link.exe /ERRORREPORT:PROMPT /OUT:"C:\Users\127464\Documents\GitHub\stroustrup-ppp\chapter04 Computation\chapter04_04_guessing game_buwuethr\Debug\chapter04_04_guessing game_buwuethr.exe" /INCREMENTAL /NOLOGO kernel32.lib user32.lib gdi32.lib winspool.lib comdlg32.lib advapi32.lib shell32.lib ole32.lib oleaut32.lib uuid.lib odbc32.lib odbccp32.lib /MANIFEST /ManifestFile:"Debug\chapter04_04_guessing game_buwuethr.exe.intermediate.manifest" /MANIFESTUAC:"level='asInvoker' uiAccess='false'" /DEBUG /PDB:"C:\Users\127464\Documents\GitHub\stroustrup-ppp\chapter04 Computation\chapter04_04_guessing game_buwuethr\Debug\chapter04_04_guessing game_buwuethr.pdb" /SUBSYSTEM:CONSOLE /TLBID:1 /DYNAMICBASE /NXCOMPAT /IMPLIB:"C:\Users\127464\Documents\GitHub\stroustrup-ppp\chapter04 Computation\chapter04_04_guessing game_buwuethr\Debug\chapter04_04_guessing game_buwuethr.lib" /MACHINE:X86 "Debug\chapter04_04_guessing game_buwuethr.exe.embed.manifest.res"
         "Debug\chapter04_04_guessing game_buwuethr.obj"
         Debug\stdafx.obj
         chapter04_04_guessing game_buwuethr.vcxproj -> C:\Users\127464\Documents\GitHub\stroustrup-ppp\chapter04 Computation\chapter04_04_guessing game_buwuethr\Debug\chapter04_04_guessing game_buwuethr.exe
       FinalizeBuildStatus:
         Deleting file "Debug\chapter04_04_guessing game_buwuethr.unsuccessfulbuild".
         Touching "Debug\chapter04_04_guessing game_buwuethr.lastbuildstate".
     1>Done Building Project "C:\Users\127464\Documents\GitHub\stroustrup-ppp\chapter04 Computation\chapter04_04_guessing game_buwuethr\chapter04_04_guessing game_buwuethr\chapter04_04_guessing game_buwuethr.vcxproj" (build target(s)).

Build succeeded.

Time Elapsed 00:00:01.90
